<?xml version="1.0" encoding="UTF-8"?>
<!-- Generated by org.testng.reporters.JUnitXMLReporter -->
<testsuite ignored="0" hostname="DESKTOP-IP80BGQ" failures="0" tests="3" name="Default test" time="122.653" errors="0" timestamp="2021-12-04T12:24:18 IST">
  <testcase classname="com.qa.TestNgSessions.NetworkConditions" name="test" time="39.208"/>
  <testcase classname="com.qa.TestNgSessions.NetworkConditions" name="test" time="45.425"/>
  <testcase classname="com.qa.TestNgSessions.NetworkConditions" name="test" time="37.917"/>
</testsuite> <!-- Default test -->
