<?xml version="1.0" encoding="UTF-8"?>
<testng-results ignored="0" total="3" passed="3" failed="0" skipped="0">
  <reporter-output>
  </reporter-output>
  <suite started-at="2021-12-04T12:22:16 IST" name="Default suite" finished-at="2021-12-04T12:24:18 IST" duration-ms="122653">
    <groups>
    </groups>
    <test started-at="2021-12-04T12:22:16 IST" name="Default test" finished-at="2021-12-04T12:24:18 IST" duration-ms="122653">
      <class name="com.qa.TestNgSessions.NetworkConditions">
        <test-method signature="test(int,int)[pri:0, instance:com.qa.TestNgSessions.NetworkConditions@593aaf41]" started-at="2021-12-04T12:22:16 IST" name="test" data-provider="networkBandwidths" finished-at="2021-12-04T12:22:55 IST" duration-ms="39208" status="PASS">
          <params>
            <param index="0">
              <value>
                <![CDATA[75000]]>
              </value>
            </param>
            <param index="1">
              <value>
                <![CDATA[20000]]>
              </value>
            </param>
          </params>
          <reporter-output>
          </reporter-output>
        </test-method> <!-- test -->
        <test-method signature="test(int,int)[pri:0, instance:com.qa.TestNgSessions.NetworkConditions@593aaf41]" started-at="2021-12-04T12:22:55 IST" name="test" data-provider="networkBandwidths" finished-at="2021-12-04T12:23:40 IST" duration-ms="45425" status="PASS">
          <params>
            <param index="0">
              <value>
                <![CDATA[100000]]>
              </value>
            </param>
            <param index="1">
              <value>
                <![CDATA[20000]]>
              </value>
            </param>
          </params>
          <reporter-output>
          </reporter-output>
        </test-method> <!-- test -->
        <test-method signature="test(int,int)[pri:0, instance:com.qa.TestNgSessions.NetworkConditions@593aaf41]" started-at="2021-12-04T12:23:40 IST" name="test" data-provider="networkBandwidths" finished-at="2021-12-04T12:24:18 IST" duration-ms="37917" status="PASS">
          <params>
            <param index="0">
              <value>
                <![CDATA[0]]>
              </value>
            </param>
            <param index="1">
              <value>
                <![CDATA[0]]>
              </value>
            </param>
          </params>
          <reporter-output>
          </reporter-output>
        </test-method> <!-- test -->
      </class> <!-- com.qa.TestNgSessions.NetworkConditions -->
    </test> <!-- Default test -->
  </suite> <!-- Default suite -->
</testng-results>
